\BOOKMARK [1][]{section*.1}{CONTACT INFORMATION}{}
\BOOKMARK [1][]{section*.2}{EDUCATION}{}
\BOOKMARK [1][]{section*.3}{RESEARCH INTERESTS }{}
\BOOKMARK [1][]{section*.4}{PROGRAMMING LANGUAGES}{}
\BOOKMARK [1][]{section*.5}{SOFTWARE PACKAGES \(* implies contributor of\)}{}
\BOOKMARK [1][]{section*.6}{PLATFORMS}{}
\BOOKMARK [1][]{section*.7}{COMPUTATIONAL MATHEMATICS}{}
\BOOKMARK [1][]{section*.8}{PHYSICS AND ENGINEERING}{}
\BOOKMARK [1][]{section*.9}{VERSION CONTROL}{}
\BOOKMARK [1][]{section*.10}{CONTRIBUTED TALKS \(* = received travel support\)}{}
\BOOKMARK [1][]{section*.11}{POSTER PRESENTATIONS \(* = received travel support\)}{}
\BOOKMARK [1][]{section*.12}{PANELS \(* = received travel support\)}{}
\BOOKMARK [1][]{section*.13}{CONFERENCES ATTENDED WITHOUT PRESENTATION \(* = received travel support\)}{}
\BOOKMARK [1][]{section*.14}{SERVICE \(* = received travel support\)}{}
\BOOKMARK [1][]{section*.15}{WORKSHOPS GIVEN}{}
\BOOKMARK [1][]{section*.16}{WORKSHOPS ATTENDED}{}
\BOOKMARK [1][]{section*.17}{INTERNSHIPS}{}
\BOOKMARK [1][]{section*.18}{WORK EXPERIENCE}{}
\BOOKMARK [1][]{section*.19}{VOLUNTEER WORK}{}
\BOOKMARK [1][]{section*.20}{HONORS AND AWARDS}{}
\BOOKMARK [1][]{section*.21}{MEMBERSHIPS}{}
\BOOKMARK [1][]{section*.22}{KEY COURSES}{}
